


ARM Macro Assembler    Page 1 


    1 00000000         ;/*
    2 00000000         ;*******************************************************
                       *************************************************
    3 00000000         ;                                    EXCEPTION VECTORS &
                        STARTUP CODE
    4 00000000         ;
    5 00000000         ; File      : cstartup.s
    6 00000000         ; For       : ARMv7M Cortex-M3
    7 00000000         ; Mode      : Thumb2
    8 00000000         ; Toolchain : RealView Development Suite
    9 00000000         ;             RealView Microcontroller Development Kit (
                       MDK)
   10 00000000         ;             ARM Developer Suite (ADS)
   11 00000000         ;             Keil uVision
   12 00000000         ;*******************************************************
                       *************************************************
   13 00000000         ;*/
   14 00000000         
   15 00000000         ;/*
   16 00000000         ;*******************************************************
                       *************************************************
   17 00000000         ;*                           <<< Use Configuration Wizar
                       d in Context Menu >>>
   18 00000000         ;*
   19 00000000         ;* Note(s) : (1) The µVision4 Configuration Wizard enabl
                       es menu driven configuration of assembler, 
   20 00000000         ;*               C/C++, or debugger initialization files
                       . The Configuration Wizard uses control items 
   21 00000000         ;*               that are embedded into the comments of 
                       the configuration file.
   22 00000000         ;*
   23 00000000         ;*******************************************************
                       *************************************************
   24 00000000         ;*/
   25 00000000         
   26 00000000         ;/*
   27 00000000         ;*******************************************************
                       *************************************************
   28 00000000         ;*                                              STACK DE
                       FINITIONS
   29 00000000         ;*
   30 00000000         ;* Configuration Wizard Menu:
   31 00000000         ;* // <h> Stack Configuration
   32 00000000         ;* //   <o> Stack Size (in Bytes) <0x0-0xFFFFFFFF:8>
   33 00000000         ;* // </h>;
   34 00000000         ;*******************************************************
                       **************************************************
   35 00000000         ;*/
   36 00000000         
   37 00000000 00000C00 
                       STACK_SIZE
                               EQU              0x00000c00
   38 00000000                 AREA             STACK, NOINIT, READWRITE, ALIGN
=3
   39 00000000         Stack_Mem
                               SPACE            STACK_SIZE
   40 00000C00         __initial_sp
   41 00000C00         
   42 00000C00         



ARM Macro Assembler    Page 2 


   43 00000C00         ;/*
   44 00000C00         ;*******************************************************
                       *************************************************
   45 00000C00         ;*                                              STACK DE
                       FINITIONS
   46 00000C00         ; <h> Heap Configuration
   47 00000C00         ;   <o>  Heap Size (in Bytes) <0x0-0xFFFFFFFF:8>
   48 00000C00         ; </h>
   49 00000C00         ;*******************************************************
                       **************************************************
   50 00000C00         ;*/
   51 00000C00         
   52 00000C00 00000400 
                       HEAP_SIZE
                               EQU              0x00000400
   53 00000C00                 AREA             HEAP, NOINIT, READWRITE, ALIGN=
3
   54 00000000         __heap_base
   55 00000000         Heap_Mem
                               SPACE            HEAP_SIZE
   56 00000400         __heap_limit
   57 00000400         
   58 00000400         
   59 00000400                 PRESERVE8
   60 00000400                 THUMB
   61 00000400         
   62 00000400         
   63 00000400         ; Vector Table Mapped to Address 0 at Reset
   64 00000400                 AREA             RESET, DATA, READONLY
   65 00000000                 EXPORT           __Vectors
   66 00000000                 IMPORT           BSP_IntHandlerWWDG
   67 00000000                 IMPORT           BSP_IntHandlerPVD
   68 00000000                 IMPORT           BSP_IntHandlerTAMP_STAMP
   69 00000000                 IMPORT           BSP_IntHandlerRTC_WKUP
   70 00000000                 IMPORT           BSP_IntHandlerFLASH
   71 00000000                 IMPORT           BSP_IntHandlerRCC
   72 00000000                 IMPORT           BSP_IntHandlerEXTI0
   73 00000000                 IMPORT           BSP_IntHandlerEXTI1
   74 00000000                 IMPORT           BSP_IntHandlerEXTI2
   75 00000000                 IMPORT           BSP_IntHandlerEXTI3
   76 00000000                 IMPORT           BSP_IntHandlerEXTI4
   77 00000000                 IMPORT           BSP_IntHandlerDMA1_CH1
   78 00000000                 IMPORT           BSP_IntHandlerDMA1_CH2
   79 00000000                 IMPORT           BSP_IntHandlerDMA1_CH3
   80 00000000                 IMPORT           BSP_IntHandlerDMA1_CH4
   81 00000000                 IMPORT           BSP_IntHandlerDMA1_CH5
   82 00000000                 IMPORT           BSP_IntHandlerDMA1_CH6
   83 00000000                 IMPORT           BSP_IntHandlerDMA1_CH7
   84 00000000                 IMPORT           BSP_IntHandlerADC1
   85 00000000                 IMPORT           BSP_IntHandlerUSB_HP
   86 00000000                 IMPORT           BSP_IntHandlerUSB_LP
   87 00000000                 IMPORT           BSP_IntHandlerDAC
   88 00000000                 IMPORT           BSP_IntHandlerCOMP
   89 00000000         
   90 00000000                 IMPORT           BSP_IntHandlerEXTI9_5
   91 00000000                 IMPORT           BSP_IntHandlerLCD
   92 00000000                 IMPORT           BSP_IntHandlerTIM9
   93 00000000                 IMPORT           BSP_IntHandlerTIM10
   94 00000000                 IMPORT           BSP_IntHandlerTIM11



ARM Macro Assembler    Page 3 


   95 00000000                 IMPORT           BSP_IntHandlerTIM2
   96 00000000                 IMPORT           BSP_IntHandlerTIM3
   97 00000000                 IMPORT           BSP_IntHandlerTIM4
   98 00000000                 IMPORT           BSP_IntHandlerI2C1_EV
   99 00000000                 IMPORT           BSP_IntHandlerI2C1_ER
  100 00000000                 IMPORT           BSP_IntHandlerI2C2_EV
  101 00000000                 IMPORT           BSP_IntHandlerI2C2_ER
  102 00000000                 IMPORT           BSP_IntHandlerSPI1
  103 00000000                 IMPORT           BSP_IntHandlerSPI2
  104 00000000                 IMPORT           BSP_IntHandlerUSART1
  105 00000000                 IMPORT           BSP_IntHandlerUSART2
  106 00000000                 IMPORT           BSP_IntHandlerUSART3
  107 00000000                 IMPORT           BSP_IntHandlerEXTI15_10
  108 00000000                 IMPORT           BSP_IntHandlerRTCAlarm
  109 00000000                 IMPORT           BSP_IntHandlerUSB_FS_WKUP
  110 00000000                 IMPORT           BSP_IntHandlerTIM6
  111 00000000                 IMPORT           BSP_IntHandlerTIM7
  112 00000000         
  113 00000000                 IMPORT           BSP_IntHandlerSDIO
  114 00000000                 IMPORT           BSP_IntHandlerTIM5
  115 00000000                 IMPORT           BSP_IntHandlerSPI3
  116 00000000                 IMPORT           BSP_IntHandlerUART4
  117 00000000                 IMPORT           BSP_IntHandlerUART5
  118 00000000                 IMPORT           BSP_IntHandlerDMA2_CH1
  119 00000000                 IMPORT           BSP_IntHandlerDMA2_CH2
  120 00000000                 IMPORT           BSP_IntHandlerDMA2_CH3
  121 00000000                 IMPORT           BSP_IntHandlerDMA2_CH4
  122 00000000                 IMPORT           BSP_IntHandlerDMA2_CH5
  123 00000000                 IMPORT           BSP_IntHandlerAES
  124 00000000                 IMPORT           BSP_IntHandlerCOMP_ACQ
  125 00000000         
  126 00000000                 IMPORT           OS_CPU_PendSVHandler
  127 00000000                 IMPORT           OS_CPU_SysTickHandler
  128 00000000         
  129 00000000 00000000 
                       __Vectors
                               DCD              __initial_sp ; Top of Stack
  130 00000004 00000000        DCD              Reset_Handler ; Reset Handler
  131 00000008 00000000        DCD              App_NMI_ISR ;/*  2, NMI.       
                                                                               
                                                                               
                                                              */
  132 0000000C 00000000        DCD              App_Fault_ISR ;/*  3, Hard Faul
                                                            t.                 
                                                                               
                                                                */
  133 00000010 00000000        DCD              App_MemFault_ISR ;/*  4, Memory
                                                             Management.       
                                                                               
                                                                   */
  134 00000014 00000000        DCD              App_BusFault_ISR ;/*  5, Bus Fa
                                                            ult.               
                                                                               
                                                                   */
  135 00000018 00000000        DCD              App_UsageFault_ISR ;/*  6, Usag
                                                            e Fault.           
                                                                               
                                                                     */
  136 0000001C 00000000        DCD              App_Spurious_ISR ;/*  7, Reserv



ARM Macro Assembler    Page 4 


                                                            ed.                
                                                                               
                                                                   */
  137 00000020 00000000        DCD              App_Spurious_ISR ;/*  8, Reserv
                                                            ed.                
                                                                               
                                                                   */
  138 00000024 00000000        DCD              App_Spurious_ISR ;/*  9, Reserv
                                                            ed.                
                                                                               
                                                                   */
  139 00000028 00000000        DCD              App_Spurious_ISR ;/* 10, Reserv
                                                            ed.                
                                                                               
                                                                   */
  140 0000002C 00000000        DCD              App_Spurious_ISR ;/* 11, SVCall
                                                            .                  
                                                                               
                                                                   */
  141 00000030 00000000        DCD              App_Spurious_ISR ;/* 12, Debug 
                                                            Monitor.           
                                                                               
                                                                   */
  142 00000034 00000000        DCD              App_Spurious_ISR ;/* 13, Reserv
                                                            ed.                
                                                                               
                                                                   */
  143 00000038 00000000        DCD              OS_CPU_PendSVHandler ;/* 14, Pe
                                                            ndSV Handler.      
                                                                               
                                                                       */
  144 0000003C 00000000        DCD              OS_CPU_SysTickHandler ;/* 15, u
                                                            C/OS-III Tick ISR H
                                                            andler.            
                                                                        */
  145 00000040         
  146 00000040 00000000        DCD              BSP_IntHandlerWWDG ;/* 16, INTI
                                                            SR[  0]  Window Wat
                                                            chdog.             
                                                                     */
  147 00000044 00000000        DCD              BSP_IntHandlerPVD ;/* 17, INTIS
                                                            R[  1]  PVD through
                                                             EXTI Line Detectio
                                                            n.      */
  148 00000048 00000000        DCD              BSP_IntHandlerTAMP_STAMP ;/* 18
                                                            , INTISR[  2]  Tamp
                                                            er and TimeStamp In
                                                            terrupt.       */
  149 0000004C 00000000        DCD              BSP_IntHandlerRTC_WKUP ;/* 19, 
                                                            INTISR[  3]  RTC Wa
                                                            keup Global Interru
                                                            pt.          */
  150 00000050 00000000        DCD              BSP_IntHandlerFLASH ;/* 20, INT
                                                            ISR[  4]  FLASH Glo
                                                            bal Interrupt.     
                                                                      */
  151 00000054 00000000        DCD              BSP_IntHandlerRCC ;/* 21, INTIS
                                                            R[  5]  RCC Global 
                                                            Interrupt.         



ARM Macro Assembler    Page 5 


                                                                    */
  152 00000058 00000000        DCD              BSP_IntHandlerEXTI0 ;/* 22, INT
                                                            ISR[  6]  EXTI Line
                                                            0 Interrupt.       
                                                                      */
  153 0000005C 00000000        DCD              BSP_IntHandlerEXTI1 ;/* 23, INT
                                                            ISR[  7]  EXTI Line
                                                            1 Interrupt.       
                                                                      */
  154 00000060 00000000        DCD              BSP_IntHandlerEXTI2 ;/* 24, INT
                                                            ISR[  8]  EXTI Line
                                                            2 Interrupt.       
                                                                      */
  155 00000064 00000000        DCD              BSP_IntHandlerEXTI3 ;/* 25, INT
                                                            ISR[  9]  EXTI Line
                                                            3 Interrupt.       
                                                                      */
  156 00000068 00000000        DCD              BSP_IntHandlerEXTI4 ;/* 26, INT
                                                            ISR[ 10]  EXTI Line
                                                            4 Interrupt.       
                                                                      */
  157 0000006C 00000000        DCD              BSP_IntHandlerDMA1_CH1 ;/* 27, 
                                                            INTISR[ 11]  DMA Ch
                                                            annel1 Global Inter
                                                            rupt.        */
  158 00000070 00000000        DCD              BSP_IntHandlerDMA1_CH2 ;/* 28, 
                                                            INTISR[ 12]  DMA Ch
                                                            annel2 Global Inter
                                                            rupt.        */
  159 00000074 00000000        DCD              BSP_IntHandlerDMA1_CH3 ;/* 29, 
                                                            INTISR[ 13]  DMA Ch
                                                            annel3 Global Inter
                                                            rupt.        */
  160 00000078 00000000        DCD              BSP_IntHandlerDMA1_CH4 ;/* 30, 
                                                            INTISR[ 14]  DMA Ch
                                                            annel4 Global Inter
                                                            rupt.        */
  161 0000007C 00000000        DCD              BSP_IntHandlerDMA1_CH5 ;/* 31, 
                                                            INTISR[ 15]  DMA Ch
                                                            annel5 Global Inter
                                                            rupt.        */
  162 00000080 00000000        DCD              BSP_IntHandlerDMA1_CH6 ;/* 32, 
                                                            INTISR[ 16]  DMA Ch
                                                            annel6 Global Inter
                                                            rupt.        */
  163 00000084 00000000        DCD              BSP_IntHandlerDMA1_CH7 ;/* 33, 
                                                            INTISR[ 17]  DMA Ch
                                                            annel7 Global Inter
                                                            rupt.        */
  164 00000088 00000000        DCD              BSP_IntHandlerADC1 ;/* 34, INTI
                                                            SR[ 18]  ADC1 Globa
                                                            l Interrupt.       
                                                                     */
  165 0000008C 00000000        DCD              BSP_IntHandlerUSB_HP ;/* 35, IN
                                                            TISR[ 19]  USB High
                                                             priority interrupt
                                                                       */
  166 00000090 00000000        DCD              BSP_IntHandlerUSB_LP ;/* 36, IN
                                                            TISR[ 20]  USB Low 



ARM Macro Assembler    Page 6 


                                                            priority interrupt 
                                                                       */
  167 00000094 00000000        DCD              BSP_IntHandlerDAC ;/* 37, INTIS
                                                            R[ 21]  DAC Interru
                                                            pt                 
                                                                    */
  168 00000098 00000000        DCD              BSP_IntHandlerCOMP ;/* 38, INTI
                                                            SR[ 22]  Comparator
                                                             wakeup through ...
                                                                     */
  169 0000009C         ;/* ...              EXTI line (21 & 22) int.           
                          */
  170 0000009C 00000000        DCD              BSP_IntHandlerEXTI9_5 ;/* 39, I
                                                            NTISR[ 23]  EXTI Li
                                                            ne[9:5] Interrupt. 
                                                                        */
  171 000000A0 00000000        DCD              BSP_IntHandlerLCD ;/* 40, INTIS
                                                            R[ 24]  LCD global 
                                                            interrupt          
                                                                    */
  172 000000A4 00000000        DCD              BSP_IntHandlerTIM9 ;/* 41, INTI
                                                            SR[ 25]  TIM9 Globa
                                                            l Interrupt.       
                                                                     */
  173 000000A8 00000000        DCD              BSP_IntHandlerTIM10 ;/* 42, INT
                                                            ISR[ 26]  TIM10 Glo
                                                            bal Interrupt.     
                                                                      */
  174 000000AC 00000000        DCD              BSP_IntHandlerTIM11 ;/* 43, INT
                                                            ISR[ 27]  TIM11 Glo
                                                            bal Interrupt.     
                                                                      */
  175 000000B0 00000000        DCD              BSP_IntHandlerTIM2 ;/* 44, INTI
                                                            SR[ 28]  TIM2 Globa
                                                            l Interrupt.       
                                                                     */
  176 000000B4 00000000        DCD              BSP_IntHandlerTIM3 ;/* 45, INTI
                                                            SR[ 29]  TIM3 Globa
                                                            l Interrupt.       
                                                                     */
  177 000000B8 00000000        DCD              BSP_IntHandlerTIM4 ;/* 46, INTI
                                                            SR[ 30]  TIM4 Globa
                                                            l Interrupt.       
                                                                     */
  178 000000BC 00000000        DCD              BSP_IntHandlerI2C1_EV ;/* 47, I
                                                            NTISR[ 31]  I2C1 Ev
                                                            ent  Interrupt.    
                                                                        */
  179 000000C0 00000000        DCD              BSP_IntHandlerI2C1_ER ;/* 48, I
                                                            NTISR[ 32]  I2C1 Er
                                                            ror  Interrupt.    
                                                                        */
  180 000000C4 00000000        DCD              BSP_IntHandlerI2C2_EV ;/* 49, I
                                                            NTISR[ 33]  I2C2 Ev
                                                            ent  Interrupt.    
                                                                        */
  181 000000C8 00000000        DCD              BSP_IntHandlerI2C2_ER ;/* 50, I
                                                            NTISR[ 34]  I2C2 Er
                                                            ror  Interrupt.    



ARM Macro Assembler    Page 7 


                                                                        */
  182 000000CC 00000000        DCD              BSP_IntHandlerSPI1 ;/* 51, INTI
                                                            SR[ 35]  SPI1 Globa
                                                            l Interrupt.       
                                                                     */
  183 000000D0 00000000        DCD              BSP_IntHandlerSPI2 ;/* 52, INTI
                                                            SR[ 36]  SPI2 Globa
                                                            l Interrupt.       
                                                                     */
  184 000000D4 00000000        DCD              BSP_IntHandlerUSART1 ;/* 53, IN
                                                            TISR[ 37]  USART1 G
                                                            lobal Interrupt.   
                                                                       */
  185 000000D8 00000000        DCD              BSP_IntHandlerUSART2 ;/* 54, IN
                                                            TISR[ 38]  USART2 G
                                                            lobal Interrupt.   
                                                                       */
  186 000000DC 00000000        DCD              BSP_IntHandlerUSART3 ;/* 55, IN
                                                            TISR[ 39]  USART3 G
                                                            lobal Interrupt.   
                                                                       */
  187 000000E0 00000000        DCD              BSP_IntHandlerEXTI15_10 ;/* 56,
                                                             INTISR[ 40]  EXTI 
                                                            Line [15:10] Interr
                                                            upts.         */
  188 000000E4 00000000        DCD              BSP_IntHandlerRTCAlarm ;/* 57, 
                                                            INTISR[ 41]  RTC Al
                                                            arm EXT Line Interr
                                                            upt.         */
  189 000000E8 00000000        DCD              BSP_IntHandlerUSB_FS_WKUP ;/* 5
                                                            8, INTISR[ 42]  USB
                                                            D FS Wakeup through
                                                             EXTI line int. */
  190 000000EC 00000000        DCD              BSP_IntHandlerTIM6 ;/* 59, INTI
                                                            SR[ 43]  TIM6 Globa
                                                            l Interrupt.       
                                                                     */
  191 000000F0 00000000        DCD              BSP_IntHandlerTIM7 ;/* 60, INTI
                                                            SR[ 44]  TIM7 Globa
                                                            l Interrupt.       
                                                                     */
  192 000000F4         
  193 000000F4 00000000        DCD              BSP_IntHandlerSDIO ;/* 61, INTI
                                                            SR[ 45]  SDIO Globa
                                                            l Interrupt.       
                                                                     */
  194 000000F8 00000000        DCD              BSP_IntHandlerTIM5 ;/* 62, INTI
                                                            SR[ 46]  TIM5 Globa
                                                            l Interrupt.       
                                                                     */
  195 000000FC 00000000        DCD              BSP_IntHandlerSPI3 ;/* 63, INTI
                                                            SR[ 47]  SPI3 Globa
                                                            l Interrupt.       
                                                                     */
  196 00000100 00000000        DCD              BSP_IntHandlerUART4 ;/* 64, INT
                                                            ISR[ 48]  UART4 Glo
                                                            bal Interrupt.     
                                                                      */
  197 00000104 00000000        DCD              BSP_IntHandlerUART5 ;/* 65, INT



ARM Macro Assembler    Page 8 


                                                            ISR[ 49]  UART5 Glo
                                                            bal Interrupt.     
                                                                      */
  198 00000108 00000000        DCD              BSP_IntHandlerDMA2_CH1 ;/* 66, 
                                                            INTISR[ 50]  DMA2 C
                                                            hannel 1 Interrupt.
                                                                         */
  199 0000010C 00000000        DCD              BSP_IntHandlerDMA2_CH2 ;/* 67, 
                                                            INTISR[ 51]  DMA2 C
                                                            hannel 2 Interrupt.
                                                                         */
  200 00000110 00000000        DCD              BSP_IntHandlerDMA2_CH3 ;/* 68, 
                                                            INTISR[ 52]  DMA2 C
                                                            hannel 3 Interrupt.
                                                                         */
  201 00000114 00000000        DCD              BSP_IntHandlerDMA2_CH4 ;/* 69, 
                                                            INTISR[ 53]  DMA2 C
                                                            hannel 4 Interrupt.
                                                                         */
  202 00000118 00000000        DCD              BSP_IntHandlerDMA2_CH5 ;/* 70, 
                                                            INTISR[ 54]  DMA2 C
                                                            hannel 5 Interrupt.
                                                                         */
  203 0000011C 00000000        DCD              BSP_IntHandlerAES ;/* 71, INTIS
                                                            R[ 55]  AES Global 
                                                            Interrupt.         
                                                                    */
  204 00000120 00000000        DCD              BSP_IntHandlerCOMP_ACQ ;/* 72, 
                                                            INTISR[ 56]  Compar
                                                            ator Channel Aquisi
                                                            tion Int.    */    
                                                            
  205 00000124         
  206 00000124                 AREA             |.text|, CODE, READONLY
  207 00000000         
  208 00000000         
  209 00000000         
  210 00000000         ; Reset Handler
  211 00000000         
  212 00000000         Reset_Handler
                               PROC
  213 00000000                 EXPORT           Reset_Handler                 [
WEAK]
  214 00000000                 IMPORT           __main
  215 00000000         
  216 00000000 4804            LDR              R0, =__main
  217 00000002 4700            BX               R0
  218 00000004                 ENDP
  219 00000004         
  220 00000004         ; Dummy Exception Handlers (infinite loops which can be 
                       modified)                
  221 00000004         
  222 00000004         App_NMI_ISR
                               PROC
  223 00000004                 EXPORT           App_NMI_ISR                   [
WEAK]
  224 00000004 E7FE            B                .
  225 00000006                 ENDP
  227 00000006         App_Fault_ISR



ARM Macro Assembler    Page 9 


                               PROC
  228 00000006                 EXPORT           App_Fault_ISR                 [
WEAK]
  229 00000006 E7FE            B                .
  230 00000008                 ENDP
  232 00000008         App_MemFault_ISR
                               PROC
  233 00000008                 EXPORT           App_MemFault_ISR             [W
EAK]
  234 00000008 E7FE            B                .
  235 0000000A                 ENDP
  237 0000000A         App_BusFault_ISR
                               PROC
  238 0000000A                 EXPORT           App_BusFault_ISR             [W
EAK]
  239 0000000A E7FE            B                .
  240 0000000C                 ENDP
  242 0000000C         App_UsageFault_ISR
                               PROC
  243 0000000C                 EXPORT           App_UsageFault_ISR            [
WEAK]
  244 0000000C E7FE            B                .
  245 0000000E                 ENDP
  247 0000000E         App_Spurious_ISR
                               PROC
  248 0000000E                 EXPORT           App_Spurious_ISR               
 [WEAK]
  249 0000000E E7FE            B                .
  250 00000010                 ENDP
  252 00000010         App_Reserved_ISR
                               PROC
  253 00000010                 EXPORT           App_Reserved_ISR               
 [WEAK]
  254 00000010 E7FE            B                .
  255 00000012                 ENDP
  256 00000012         
  257 00000012         
  258 00000012 00 00           ALIGN
  259 00000014         
  260 00000014         
  261 00000014         ; User Initial Stack & Heap
  262 00000014         
  263 00000014                 IF               :DEF:__MICROLIB
  264 00000014         
  265 00000014                 EXPORT           __initial_sp
  266 00000014                 EXPORT           __heap_base
  267 00000014                 EXPORT           __heap_limit
  268 00000014         
  269 00000014                 ELSE
  284                          ENDIF
  285 00000014         
  286 00000014         
  287 00000014                 END
              00000000 
Command Line: --debug --xref --diag_suppress=9931 --cpu=Cortex-M3 --apcs=interw
ork --depend=.\output\cstartup.d -o.\output\cstartup.o -I.\RTE\_STM32L1xx -I"D:
\Program Files\Keil_v5\ARM\PACK\Keil\STM32L1xx_DFP\1.2.0\Device\Include" -I"D:\
Program Files\Keil_v5\ARM\CMSIS\Include" --predefine="__MICROLIB SETA 1" --pred
efine="__UVISION_VERSION SETA 525" --predefine="STM32L151xB SETA 1" --list=.\li



ARM Macro Assembler    Page 10 


stings\cstartup.lst UCOS_III\uC-BSP\cstartup.s



ARM Macro Assembler    Page 1 Alphabetic symbol ordering
Relocatable symbols

STACK 00000000

Symbol: STACK
   Definitions
      At line 38 in file UCOS_III\uC-BSP\cstartup.s
   Uses
      None
Comment: STACK unused
Stack_Mem 00000000

Symbol: Stack_Mem
   Definitions
      At line 39 in file UCOS_III\uC-BSP\cstartup.s
   Uses
      None
Comment: Stack_Mem unused
__initial_sp 00000C00

Symbol: __initial_sp
   Definitions
      At line 40 in file UCOS_III\uC-BSP\cstartup.s
   Uses
      At line 129 in file UCOS_III\uC-BSP\cstartup.s
      At line 265 in file UCOS_III\uC-BSP\cstartup.s

3 symbols



ARM Macro Assembler    Page 1 Alphabetic symbol ordering
Relocatable symbols

HEAP 00000000

Symbol: HEAP
   Definitions
      At line 53 in file UCOS_III\uC-BSP\cstartup.s
   Uses
      None
Comment: HEAP unused
Heap_Mem 00000000

Symbol: Heap_Mem
   Definitions
      At line 55 in file UCOS_III\uC-BSP\cstartup.s
   Uses
      None
Comment: Heap_Mem unused
__heap_base 00000000

Symbol: __heap_base
   Definitions
      At line 54 in file UCOS_III\uC-BSP\cstartup.s
   Uses
      At line 266 in file UCOS_III\uC-BSP\cstartup.s
Comment: __heap_base used once
__heap_limit 00000400

Symbol: __heap_limit
   Definitions
      At line 56 in file UCOS_III\uC-BSP\cstartup.s
   Uses
      At line 267 in file UCOS_III\uC-BSP\cstartup.s
Comment: __heap_limit used once
4 symbols



ARM Macro Assembler    Page 1 Alphabetic symbol ordering
Relocatable symbols

RESET 00000000

Symbol: RESET
   Definitions
      At line 64 in file UCOS_III\uC-BSP\cstartup.s
   Uses
      None
Comment: RESET unused
__Vectors 00000000

Symbol: __Vectors
   Definitions
      At line 129 in file UCOS_III\uC-BSP\cstartup.s
   Uses
      At line 65 in file UCOS_III\uC-BSP\cstartup.s
Comment: __Vectors used once
2 symbols



ARM Macro Assembler    Page 1 Alphabetic symbol ordering
Relocatable symbols

.text 00000000

Symbol: .text
   Definitions
      At line 206 in file UCOS_III\uC-BSP\cstartup.s
   Uses
      None
Comment: .text unused
App_BusFault_ISR 0000000A

Symbol: App_BusFault_ISR
   Definitions
      At line 237 in file UCOS_III\uC-BSP\cstartup.s
   Uses
      At line 134 in file UCOS_III\uC-BSP\cstartup.s
      At line 238 in file UCOS_III\uC-BSP\cstartup.s

App_Fault_ISR 00000006

Symbol: App_Fault_ISR
   Definitions
      At line 227 in file UCOS_III\uC-BSP\cstartup.s
   Uses
      At line 132 in file UCOS_III\uC-BSP\cstartup.s
      At line 228 in file UCOS_III\uC-BSP\cstartup.s

App_MemFault_ISR 00000008

Symbol: App_MemFault_ISR
   Definitions
      At line 232 in file UCOS_III\uC-BSP\cstartup.s
   Uses
      At line 133 in file UCOS_III\uC-BSP\cstartup.s
      At line 233 in file UCOS_III\uC-BSP\cstartup.s

App_NMI_ISR 00000004

Symbol: App_NMI_ISR
   Definitions
      At line 222 in file UCOS_III\uC-BSP\cstartup.s
   Uses
      At line 131 in file UCOS_III\uC-BSP\cstartup.s
      At line 223 in file UCOS_III\uC-BSP\cstartup.s

App_Reserved_ISR 00000010

Symbol: App_Reserved_ISR
   Definitions
      At line 252 in file UCOS_III\uC-BSP\cstartup.s
   Uses
      At line 253 in file UCOS_III\uC-BSP\cstartup.s
Comment: App_Reserved_ISR used once
App_Spurious_ISR 0000000E

Symbol: App_Spurious_ISR
   Definitions
      At line 247 in file UCOS_III\uC-BSP\cstartup.s
   Uses
      At line 136 in file UCOS_III\uC-BSP\cstartup.s



ARM Macro Assembler    Page 2 Alphabetic symbol ordering
Relocatable symbols

      At line 137 in file UCOS_III\uC-BSP\cstartup.s
      At line 138 in file UCOS_III\uC-BSP\cstartup.s
      At line 139 in file UCOS_III\uC-BSP\cstartup.s
      At line 140 in file UCOS_III\uC-BSP\cstartup.s
      At line 141 in file UCOS_III\uC-BSP\cstartup.s
      At line 142 in file UCOS_III\uC-BSP\cstartup.s
      At line 248 in file UCOS_III\uC-BSP\cstartup.s

App_UsageFault_ISR 0000000C

Symbol: App_UsageFault_ISR
   Definitions
      At line 242 in file UCOS_III\uC-BSP\cstartup.s
   Uses
      At line 135 in file UCOS_III\uC-BSP\cstartup.s
      At line 243 in file UCOS_III\uC-BSP\cstartup.s

Reset_Handler 00000000

Symbol: Reset_Handler
   Definitions
      At line 212 in file UCOS_III\uC-BSP\cstartup.s
   Uses
      At line 130 in file UCOS_III\uC-BSP\cstartup.s
      At line 213 in file UCOS_III\uC-BSP\cstartup.s

9 symbols



ARM Macro Assembler    Page 1 Alphabetic symbol ordering
Absolute symbols

HEAP_SIZE 00000400

Symbol: HEAP_SIZE
   Definitions
      At line 52 in file UCOS_III\uC-BSP\cstartup.s
   Uses
      At line 55 in file UCOS_III\uC-BSP\cstartup.s
Comment: HEAP_SIZE used once
STACK_SIZE 00000C00

Symbol: STACK_SIZE
   Definitions
      At line 37 in file UCOS_III\uC-BSP\cstartup.s
   Uses
      At line 39 in file UCOS_III\uC-BSP\cstartup.s
Comment: STACK_SIZE used once
2 symbols



ARM Macro Assembler    Page 1 Alphabetic symbol ordering
External symbols

BSP_IntHandlerADC1 00000000

Symbol: BSP_IntHandlerADC1
   Definitions
      At line 84 in file UCOS_III\uC-BSP\cstartup.s
   Uses
      At line 164 in file UCOS_III\uC-BSP\cstartup.s
Comment: BSP_IntHandlerADC1 used once
BSP_IntHandlerAES 00000000

Symbol: BSP_IntHandlerAES
   Definitions
      At line 123 in file UCOS_III\uC-BSP\cstartup.s
   Uses
      At line 203 in file UCOS_III\uC-BSP\cstartup.s
Comment: BSP_IntHandlerAES used once
BSP_IntHandlerCOMP 00000000

Symbol: BSP_IntHandlerCOMP
   Definitions
      At line 88 in file UCOS_III\uC-BSP\cstartup.s
   Uses
      At line 168 in file UCOS_III\uC-BSP\cstartup.s
Comment: BSP_IntHandlerCOMP used once
BSP_IntHandlerCOMP_ACQ 00000000

Symbol: BSP_IntHandlerCOMP_ACQ
   Definitions
      At line 124 in file UCOS_III\uC-BSP\cstartup.s
   Uses
      At line 204 in file UCOS_III\uC-BSP\cstartup.s
Comment: BSP_IntHandlerCOMP_ACQ used once
BSP_IntHandlerDAC 00000000

Symbol: BSP_IntHandlerDAC
   Definitions
      At line 87 in file UCOS_III\uC-BSP\cstartup.s
   Uses
      At line 167 in file UCOS_III\uC-BSP\cstartup.s
Comment: BSP_IntHandlerDAC used once
BSP_IntHandlerDMA1_CH1 00000000

Symbol: BSP_IntHandlerDMA1_CH1
   Definitions
      At line 77 in file UCOS_III\uC-BSP\cstartup.s
   Uses
      At line 157 in file UCOS_III\uC-BSP\cstartup.s
Comment: BSP_IntHandlerDMA1_CH1 used once
BSP_IntHandlerDMA1_CH2 00000000

Symbol: BSP_IntHandlerDMA1_CH2
   Definitions
      At line 78 in file UCOS_III\uC-BSP\cstartup.s
   Uses
      At line 158 in file UCOS_III\uC-BSP\cstartup.s
Comment: BSP_IntHandlerDMA1_CH2 used once
BSP_IntHandlerDMA1_CH3 00000000

Symbol: BSP_IntHandlerDMA1_CH3



ARM Macro Assembler    Page 2 Alphabetic symbol ordering
External symbols

   Definitions
      At line 79 in file UCOS_III\uC-BSP\cstartup.s
   Uses
      At line 159 in file UCOS_III\uC-BSP\cstartup.s
Comment: BSP_IntHandlerDMA1_CH3 used once
BSP_IntHandlerDMA1_CH4 00000000

Symbol: BSP_IntHandlerDMA1_CH4
   Definitions
      At line 80 in file UCOS_III\uC-BSP\cstartup.s
   Uses
      At line 160 in file UCOS_III\uC-BSP\cstartup.s
Comment: BSP_IntHandlerDMA1_CH4 used once
BSP_IntHandlerDMA1_CH5 00000000

Symbol: BSP_IntHandlerDMA1_CH5
   Definitions
      At line 81 in file UCOS_III\uC-BSP\cstartup.s
   Uses
      At line 161 in file UCOS_III\uC-BSP\cstartup.s
Comment: BSP_IntHandlerDMA1_CH5 used once
BSP_IntHandlerDMA1_CH6 00000000

Symbol: BSP_IntHandlerDMA1_CH6
   Definitions
      At line 82 in file UCOS_III\uC-BSP\cstartup.s
   Uses
      At line 162 in file UCOS_III\uC-BSP\cstartup.s
Comment: BSP_IntHandlerDMA1_CH6 used once
BSP_IntHandlerDMA1_CH7 00000000

Symbol: BSP_IntHandlerDMA1_CH7
   Definitions
      At line 83 in file UCOS_III\uC-BSP\cstartup.s
   Uses
      At line 163 in file UCOS_III\uC-BSP\cstartup.s
Comment: BSP_IntHandlerDMA1_CH7 used once
BSP_IntHandlerDMA2_CH1 00000000

Symbol: BSP_IntHandlerDMA2_CH1
   Definitions
      At line 118 in file UCOS_III\uC-BSP\cstartup.s
   Uses
      At line 198 in file UCOS_III\uC-BSP\cstartup.s
Comment: BSP_IntHandlerDMA2_CH1 used once
BSP_IntHandlerDMA2_CH2 00000000

Symbol: BSP_IntHandlerDMA2_CH2
   Definitions
      At line 119 in file UCOS_III\uC-BSP\cstartup.s
   Uses
      At line 199 in file UCOS_III\uC-BSP\cstartup.s
Comment: BSP_IntHandlerDMA2_CH2 used once
BSP_IntHandlerDMA2_CH3 00000000

Symbol: BSP_IntHandlerDMA2_CH3
   Definitions
      At line 120 in file UCOS_III\uC-BSP\cstartup.s
   Uses



ARM Macro Assembler    Page 3 Alphabetic symbol ordering
External symbols

      At line 200 in file UCOS_III\uC-BSP\cstartup.s
Comment: BSP_IntHandlerDMA2_CH3 used once
BSP_IntHandlerDMA2_CH4 00000000

Symbol: BSP_IntHandlerDMA2_CH4
   Definitions
      At line 121 in file UCOS_III\uC-BSP\cstartup.s
   Uses
      At line 201 in file UCOS_III\uC-BSP\cstartup.s
Comment: BSP_IntHandlerDMA2_CH4 used once
BSP_IntHandlerDMA2_CH5 00000000

Symbol: BSP_IntHandlerDMA2_CH5
   Definitions
      At line 122 in file UCOS_III\uC-BSP\cstartup.s
   Uses
      At line 202 in file UCOS_III\uC-BSP\cstartup.s
Comment: BSP_IntHandlerDMA2_CH5 used once
BSP_IntHandlerEXTI0 00000000

Symbol: BSP_IntHandlerEXTI0
   Definitions
      At line 72 in file UCOS_III\uC-BSP\cstartup.s
   Uses
      At line 152 in file UCOS_III\uC-BSP\cstartup.s
Comment: BSP_IntHandlerEXTI0 used once
BSP_IntHandlerEXTI1 00000000

Symbol: BSP_IntHandlerEXTI1
   Definitions
      At line 73 in file UCOS_III\uC-BSP\cstartup.s
   Uses
      At line 153 in file UCOS_III\uC-BSP\cstartup.s
Comment: BSP_IntHandlerEXTI1 used once
BSP_IntHandlerEXTI15_10 00000000

Symbol: BSP_IntHandlerEXTI15_10
   Definitions
      At line 107 in file UCOS_III\uC-BSP\cstartup.s
   Uses
      At line 187 in file UCOS_III\uC-BSP\cstartup.s
Comment: BSP_IntHandlerEXTI15_10 used once
BSP_IntHandlerEXTI2 00000000

Symbol: BSP_IntHandlerEXTI2
   Definitions
      At line 74 in file UCOS_III\uC-BSP\cstartup.s
   Uses
      At line 154 in file UCOS_III\uC-BSP\cstartup.s
Comment: BSP_IntHandlerEXTI2 used once
BSP_IntHandlerEXTI3 00000000

Symbol: BSP_IntHandlerEXTI3
   Definitions
      At line 75 in file UCOS_III\uC-BSP\cstartup.s
   Uses
      At line 155 in file UCOS_III\uC-BSP\cstartup.s
Comment: BSP_IntHandlerEXTI3 used once
BSP_IntHandlerEXTI4 00000000



ARM Macro Assembler    Page 4 Alphabetic symbol ordering
External symbols


Symbol: BSP_IntHandlerEXTI4
   Definitions
      At line 76 in file UCOS_III\uC-BSP\cstartup.s
   Uses
      At line 156 in file UCOS_III\uC-BSP\cstartup.s
Comment: BSP_IntHandlerEXTI4 used once
BSP_IntHandlerEXTI9_5 00000000

Symbol: BSP_IntHandlerEXTI9_5
   Definitions
      At line 90 in file UCOS_III\uC-BSP\cstartup.s
   Uses
      At line 170 in file UCOS_III\uC-BSP\cstartup.s
Comment: BSP_IntHandlerEXTI9_5 used once
BSP_IntHandlerFLASH 00000000

Symbol: BSP_IntHandlerFLASH
   Definitions
      At line 70 in file UCOS_III\uC-BSP\cstartup.s
   Uses
      At line 150 in file UCOS_III\uC-BSP\cstartup.s
Comment: BSP_IntHandlerFLASH used once
BSP_IntHandlerI2C1_ER 00000000

Symbol: BSP_IntHandlerI2C1_ER
   Definitions
      At line 99 in file UCOS_III\uC-BSP\cstartup.s
   Uses
      At line 179 in file UCOS_III\uC-BSP\cstartup.s
Comment: BSP_IntHandlerI2C1_ER used once
BSP_IntHandlerI2C1_EV 00000000

Symbol: BSP_IntHandlerI2C1_EV
   Definitions
      At line 98 in file UCOS_III\uC-BSP\cstartup.s
   Uses
      At line 178 in file UCOS_III\uC-BSP\cstartup.s
Comment: BSP_IntHandlerI2C1_EV used once
BSP_IntHandlerI2C2_ER 00000000

Symbol: BSP_IntHandlerI2C2_ER
   Definitions
      At line 101 in file UCOS_III\uC-BSP\cstartup.s
   Uses
      At line 181 in file UCOS_III\uC-BSP\cstartup.s
Comment: BSP_IntHandlerI2C2_ER used once
BSP_IntHandlerI2C2_EV 00000000

Symbol: BSP_IntHandlerI2C2_EV
   Definitions
      At line 100 in file UCOS_III\uC-BSP\cstartup.s
   Uses
      At line 180 in file UCOS_III\uC-BSP\cstartup.s
Comment: BSP_IntHandlerI2C2_EV used once
BSP_IntHandlerLCD 00000000

Symbol: BSP_IntHandlerLCD
   Definitions



ARM Macro Assembler    Page 5 Alphabetic symbol ordering
External symbols

      At line 91 in file UCOS_III\uC-BSP\cstartup.s
   Uses
      At line 171 in file UCOS_III\uC-BSP\cstartup.s
Comment: BSP_IntHandlerLCD used once
BSP_IntHandlerPVD 00000000

Symbol: BSP_IntHandlerPVD
   Definitions
      At line 67 in file UCOS_III\uC-BSP\cstartup.s
   Uses
      At line 147 in file UCOS_III\uC-BSP\cstartup.s
Comment: BSP_IntHandlerPVD used once
BSP_IntHandlerRCC 00000000

Symbol: BSP_IntHandlerRCC
   Definitions
      At line 71 in file UCOS_III\uC-BSP\cstartup.s
   Uses
      At line 151 in file UCOS_III\uC-BSP\cstartup.s
Comment: BSP_IntHandlerRCC used once
BSP_IntHandlerRTCAlarm 00000000

Symbol: BSP_IntHandlerRTCAlarm
   Definitions
      At line 108 in file UCOS_III\uC-BSP\cstartup.s
   Uses
      At line 188 in file UCOS_III\uC-BSP\cstartup.s
Comment: BSP_IntHandlerRTCAlarm used once
BSP_IntHandlerRTC_WKUP 00000000

Symbol: BSP_IntHandlerRTC_WKUP
   Definitions
      At line 69 in file UCOS_III\uC-BSP\cstartup.s
   Uses
      At line 149 in file UCOS_III\uC-BSP\cstartup.s
Comment: BSP_IntHandlerRTC_WKUP used once
BSP_IntHandlerSDIO 00000000

Symbol: BSP_IntHandlerSDIO
   Definitions
      At line 113 in file UCOS_III\uC-BSP\cstartup.s
   Uses
      At line 193 in file UCOS_III\uC-BSP\cstartup.s
Comment: BSP_IntHandlerSDIO used once
BSP_IntHandlerSPI1 00000000

Symbol: BSP_IntHandlerSPI1
   Definitions
      At line 102 in file UCOS_III\uC-BSP\cstartup.s
   Uses
      At line 182 in file UCOS_III\uC-BSP\cstartup.s
Comment: BSP_IntHandlerSPI1 used once
BSP_IntHandlerSPI2 00000000

Symbol: BSP_IntHandlerSPI2
   Definitions
      At line 103 in file UCOS_III\uC-BSP\cstartup.s
   Uses
      At line 183 in file UCOS_III\uC-BSP\cstartup.s



ARM Macro Assembler    Page 6 Alphabetic symbol ordering
External symbols

Comment: BSP_IntHandlerSPI2 used once
BSP_IntHandlerSPI3 00000000

Symbol: BSP_IntHandlerSPI3
   Definitions
      At line 115 in file UCOS_III\uC-BSP\cstartup.s
   Uses
      At line 195 in file UCOS_III\uC-BSP\cstartup.s
Comment: BSP_IntHandlerSPI3 used once
BSP_IntHandlerTAMP_STAMP 00000000

Symbol: BSP_IntHandlerTAMP_STAMP
   Definitions
      At line 68 in file UCOS_III\uC-BSP\cstartup.s
   Uses
      At line 148 in file UCOS_III\uC-BSP\cstartup.s
Comment: BSP_IntHandlerTAMP_STAMP used once
BSP_IntHandlerTIM10 00000000

Symbol: BSP_IntHandlerTIM10
   Definitions
      At line 93 in file UCOS_III\uC-BSP\cstartup.s
   Uses
      At line 173 in file UCOS_III\uC-BSP\cstartup.s
Comment: BSP_IntHandlerTIM10 used once
BSP_IntHandlerTIM11 00000000

Symbol: BSP_IntHandlerTIM11
   Definitions
      At line 94 in file UCOS_III\uC-BSP\cstartup.s
   Uses
      At line 174 in file UCOS_III\uC-BSP\cstartup.s
Comment: BSP_IntHandlerTIM11 used once
BSP_IntHandlerTIM2 00000000

Symbol: BSP_IntHandlerTIM2
   Definitions
      At line 95 in file UCOS_III\uC-BSP\cstartup.s
   Uses
      At line 175 in file UCOS_III\uC-BSP\cstartup.s
Comment: BSP_IntHandlerTIM2 used once
BSP_IntHandlerTIM3 00000000

Symbol: BSP_IntHandlerTIM3
   Definitions
      At line 96 in file UCOS_III\uC-BSP\cstartup.s
   Uses
      At line 176 in file UCOS_III\uC-BSP\cstartup.s
Comment: BSP_IntHandlerTIM3 used once
BSP_IntHandlerTIM4 00000000

Symbol: BSP_IntHandlerTIM4
   Definitions
      At line 97 in file UCOS_III\uC-BSP\cstartup.s
   Uses
      At line 177 in file UCOS_III\uC-BSP\cstartup.s
Comment: BSP_IntHandlerTIM4 used once
BSP_IntHandlerTIM5 00000000




ARM Macro Assembler    Page 7 Alphabetic symbol ordering
External symbols

Symbol: BSP_IntHandlerTIM5
   Definitions
      At line 114 in file UCOS_III\uC-BSP\cstartup.s
   Uses
      At line 194 in file UCOS_III\uC-BSP\cstartup.s
Comment: BSP_IntHandlerTIM5 used once
BSP_IntHandlerTIM6 00000000

Symbol: BSP_IntHandlerTIM6
   Definitions
      At line 110 in file UCOS_III\uC-BSP\cstartup.s
   Uses
      At line 190 in file UCOS_III\uC-BSP\cstartup.s
Comment: BSP_IntHandlerTIM6 used once
BSP_IntHandlerTIM7 00000000

Symbol: BSP_IntHandlerTIM7
   Definitions
      At line 111 in file UCOS_III\uC-BSP\cstartup.s
   Uses
      At line 191 in file UCOS_III\uC-BSP\cstartup.s
Comment: BSP_IntHandlerTIM7 used once
BSP_IntHandlerTIM9 00000000

Symbol: BSP_IntHandlerTIM9
   Definitions
      At line 92 in file UCOS_III\uC-BSP\cstartup.s
   Uses
      At line 172 in file UCOS_III\uC-BSP\cstartup.s
Comment: BSP_IntHandlerTIM9 used once
BSP_IntHandlerUART4 00000000

Symbol: BSP_IntHandlerUART4
   Definitions
      At line 116 in file UCOS_III\uC-BSP\cstartup.s
   Uses
      At line 196 in file UCOS_III\uC-BSP\cstartup.s
Comment: BSP_IntHandlerUART4 used once
BSP_IntHandlerUART5 00000000

Symbol: BSP_IntHandlerUART5
   Definitions
      At line 117 in file UCOS_III\uC-BSP\cstartup.s
   Uses
      At line 197 in file UCOS_III\uC-BSP\cstartup.s
Comment: BSP_IntHandlerUART5 used once
BSP_IntHandlerUSART1 00000000

Symbol: BSP_IntHandlerUSART1
   Definitions
      At line 104 in file UCOS_III\uC-BSP\cstartup.s
   Uses
      At line 184 in file UCOS_III\uC-BSP\cstartup.s
Comment: BSP_IntHandlerUSART1 used once
BSP_IntHandlerUSART2 00000000

Symbol: BSP_IntHandlerUSART2
   Definitions
      At line 105 in file UCOS_III\uC-BSP\cstartup.s



ARM Macro Assembler    Page 8 Alphabetic symbol ordering
External symbols

   Uses
      At line 185 in file UCOS_III\uC-BSP\cstartup.s
Comment: BSP_IntHandlerUSART2 used once
BSP_IntHandlerUSART3 00000000

Symbol: BSP_IntHandlerUSART3
   Definitions
      At line 106 in file UCOS_III\uC-BSP\cstartup.s
   Uses
      At line 186 in file UCOS_III\uC-BSP\cstartup.s
Comment: BSP_IntHandlerUSART3 used once
BSP_IntHandlerUSB_FS_WKUP 00000000

Symbol: BSP_IntHandlerUSB_FS_WKUP
   Definitions
      At line 109 in file UCOS_III\uC-BSP\cstartup.s
   Uses
      At line 189 in file UCOS_III\uC-BSP\cstartup.s
Comment: BSP_IntHandlerUSB_FS_WKUP used once
BSP_IntHandlerUSB_HP 00000000

Symbol: BSP_IntHandlerUSB_HP
   Definitions
      At line 85 in file UCOS_III\uC-BSP\cstartup.s
   Uses
      At line 165 in file UCOS_III\uC-BSP\cstartup.s
Comment: BSP_IntHandlerUSB_HP used once
BSP_IntHandlerUSB_LP 00000000

Symbol: BSP_IntHandlerUSB_LP
   Definitions
      At line 86 in file UCOS_III\uC-BSP\cstartup.s
   Uses
      At line 166 in file UCOS_III\uC-BSP\cstartup.s
Comment: BSP_IntHandlerUSB_LP used once
BSP_IntHandlerWWDG 00000000

Symbol: BSP_IntHandlerWWDG
   Definitions
      At line 66 in file UCOS_III\uC-BSP\cstartup.s
   Uses
      At line 146 in file UCOS_III\uC-BSP\cstartup.s
Comment: BSP_IntHandlerWWDG used once
OS_CPU_PendSVHandler 00000000

Symbol: OS_CPU_PendSVHandler
   Definitions
      At line 126 in file UCOS_III\uC-BSP\cstartup.s
   Uses
      At line 143 in file UCOS_III\uC-BSP\cstartup.s
Comment: OS_CPU_PendSVHandler used once
OS_CPU_SysTickHandler 00000000

Symbol: OS_CPU_SysTickHandler
   Definitions
      At line 127 in file UCOS_III\uC-BSP\cstartup.s
   Uses
      At line 144 in file UCOS_III\uC-BSP\cstartup.s
Comment: OS_CPU_SysTickHandler used once



ARM Macro Assembler    Page 9 Alphabetic symbol ordering
External symbols

__main 00000000

Symbol: __main
   Definitions
      At line 214 in file UCOS_III\uC-BSP\cstartup.s
   Uses
      At line 216 in file UCOS_III\uC-BSP\cstartup.s
Comment: __main used once
60 symbols
415 symbols in table
